<?xml version="1.0" encoding="UTF-8"?>
<testng-results ignored="0" total="5" passed="5" failed="0" skipped="0">
  <reporter-output>
  </reporter-output>
  <suite started-at="2025-05-05T23:29:37 IST" name="Default suite" finished-at="2025-05-05T23:29:38 IST" duration-ms="902">
    <groups>
    </groups>
    <test started-at="2025-05-05T23:29:37 IST" name="Default test" finished-at="2025-05-05T23:29:38 IST" duration-ms="902">
      <class name="storedProcedureTesting.SPTesting">
        <test-method is-config="true" signature="setup()[pri:0, instance:storedProcedureTesting.SPTesting@67d48005]" started-at="2025-05-05T23:29:37 IST" name="setup" finished-at="2025-05-05T23:29:38 IST" duration-ms="661" status="PASS">
          <reporter-output>
          </reporter-output>
        </test-method> <!-- setup -->
        <test-method signature="test_storedProceduresExists()[pri:1, instance:storedProcedureTesting.SPTesting@67d48005]" started-at="2025-05-05T23:29:38 IST" name="test_storedProceduresExists" finished-at="2025-05-05T23:29:38 IST" duration-ms="51" status="PASS">
          <reporter-output>
          </reporter-output>
        </test-method> <!-- test_storedProceduresExists -->
        <test-method signature="test_SelectAllCustomers()[pri:2, instance:storedProcedureTesting.SPTesting@67d48005]" started-at="2025-05-05T23:29:38 IST" name="test_SelectAllCustomers" finished-at="2025-05-05T23:29:38 IST" duration-ms="78" status="PASS">
          <reporter-output>
          </reporter-output>
        </test-method> <!-- test_SelectAllCustomers -->
        <test-method signature="test_SelectAllCustomersByCity()[pri:3, instance:storedProcedureTesting.SPTesting@67d48005]" started-at="2025-05-05T23:29:38 IST" name="test_SelectAllCustomersByCity" finished-at="2025-05-05T23:29:38 IST" duration-ms="25" status="PASS">
          <reporter-output>
          </reporter-output>
        </test-method> <!-- test_SelectAllCustomersByCity -->
        <test-method signature="test_SelectAllCustomersByCityAndPincode()[pri:4, instance:storedProcedureTesting.SPTesting@67d48005]" started-at="2025-05-05T23:29:38 IST" name="test_SelectAllCustomersByCityAndPincode" finished-at="2025-05-05T23:29:38 IST" duration-ms="17" status="PASS">
          <reporter-output>
          </reporter-output>
        </test-method> <!-- test_SelectAllCustomersByCityAndPincode -->
        <test-method signature="test_get_order_by_cust()[pri:5, instance:storedProcedureTesting.SPTesting@67d48005]" started-at="2025-05-05T23:29:38 IST" name="test_get_order_by_cust" finished-at="2025-05-05T23:29:38 IST" duration-ms="17" status="PASS">
          <reporter-output>
          </reporter-output>
        </test-method> <!-- test_get_order_by_cust -->
        <test-method is-config="true" signature="teardown()[pri:0, instance:storedProcedureTesting.SPTesting@67d48005]" started-at="2025-05-05T23:29:38 IST" name="teardown" finished-at="2025-05-05T23:29:38 IST" duration-ms="4" status="PASS">
          <reporter-output>
          </reporter-output>
        </test-method> <!-- teardown -->
      </class> <!-- storedProcedureTesting.SPTesting -->
    </test> <!-- Default test -->
  </suite> <!-- Default suite -->
</testng-results>
