<?xml version="1.0" encoding="UTF-8"?>
<!-- Generated by org.testng.reporters.JUnitXMLReporter -->
<testsuite ignored="0" hostname="DARSHANSAINI" failures="0" tests="5" name="Default test" time="0.902" errors="0" timestamp="2025-05-05T23:29:38 IST">
  <testcase classname="storedProcedureTesting.SPTesting" name="test_storedProceduresExists" time="0.051"/>
  <testcase classname="storedProcedureTesting.SPTesting" name="test_SelectAllCustomers" time="0.078"/>
  <testcase classname="storedProcedureTesting.SPTesting" name="test_SelectAllCustomersByCity" time="0.025"/>
  <testcase classname="storedProcedureTesting.SPTesting" name="test_SelectAllCustomersByCityAndPincode" time="0.017"/>
  <testcase classname="storedProcedureTesting.SPTesting" name="test_get_order_by_cust" time="0.017"/>
</testsuite> <!-- Default test -->
